# JRE version: Java(TM) SE Runtime Environment (8.0_65-b17) (build 1.8.0_65-b17)
# Java VM: Java HotSpot(TM) Client VM (25.65-b01 mixed mode windows-x86 )
Heap:
 def new generation   total 6464K, used 3025K [0x04000000, 0x04700000, 0x09550000)
  eden space 5760K,  45% used [0x04000000, 0x0428c480, 0x045a0000)
  from space 704K,  59% used [0x045a0000, 0x04607fe0, 0x04650000)
  to   space 704K,   0% used [0x04650000, 0x04650000, 0x04700000)
 tenured generation   total 22500K, used 22403K [0x09550000, 0x0ab49000, 0x14000000)
   the space 22500K,  99% used [0x09550000, 0x0ab30e48, 0x0ab31000, 0x0ab49000)
 Metaspace       used 12230K, capacity 12964K, committed 13056K, reserved 13696K
GC Heap History (10 events):
Event: 10.207 GC heap before
{Heap before GC invocations=11 (full 0):
 def new generation   total 4928K, used 3202K [0x04000000, 0x04550000, 0x09550000)
  eden space 4416K,  60% used [0x04000000, 0x042a0b48, 0x04450000)
  from space 512K, 100% used [0x044d0000, 0x04550000, 0x04550000)
  to   space 512K,   0% used [0x04450000, 0x04450000, 0x044d0000)
 tenured generation   total 10944K, used 6114K [0x09550000, 0x0a000000, 0x14000000)
   the space 10944K,  55% used [0x09550000, 0x09b48868, 0x09b48a00, 0x0a000000)
 Metaspace       used 11381K, capacity 11960K, committed 12032K, reserved 12672K
Event: 10.275 GC heap after
Heap after GC invocations=12 (full 1):
 def new generation   total 6464K, used 0K [0x04000000, 0x04700000, 0x09550000)
  eden space 5760K,   0% used [0x04000000, 0x04000000, 0x045a0000)
  from space 704K,   0% used [0x045a0000, 0x045a0000, 0x04650000)
  to   space 704K,   0% used [0x04650000, 0x04650000, 0x04700000)
 tenured generation   total 14304K, used 8580K [0x09550000, 0x0a348000, 0x14000000)
   the space 14304K,  59% used [0x09550000, 0x09db1248, 0x09db1400, 0x0a348000)
 Metaspace       used 11381K, capacity 11960K, committed 12032K, reserved 12672K
}
Event: 93.843 GC heap before
{Heap before GC invocations=12 (full 1):
 def new generation   total 6464K, used 5760K [0x04000000, 0x04700000, 0x09550000)
  eden space 5760K, 100% used [0x04000000, 0x045a0000, 0x045a0000)
  from space 704K,   0% used [0x045a0000, 0x045a0000, 0x04650000)
  to   space 704K,   0% used [0x04650000, 0x04650000, 0x04700000)
 tenured generation   total 22500K, used 16772K [0x09550000, 0x0ab49000, 0x14000000)
   the space 22500K,  74% used [0x09550000, 0x0a5b1258, 0x0a5b1400, 0x0ab49000)
 Metaspace       used 11693K, capacity 12320K, committed 12416K, reserved 12672K
Event: 93.853 GC heap after
Heap after GC invocations=13 (full 1):
 def new generation   total 6464K, used 704K [0x04000000, 0x04700000, 0x09550000)
  eden space 5760K,   0% used [0x04000000, 0x04000000, 0x045a0000)
  from space 704K, 100% used [0x04650000, 0x04700000, 0x04700000)
  to   space 704K,   0% used [0x045a0000, 0x045a0000, 0x04650000)
 tenured generation   total 22500K, used 19058K [0x09550000, 0x0ab49000, 0x14000000)
   the space 22500K,  84% used [0x09550000, 0x0a7ec998, 0x0a7eca00, 0x0ab49000)
 Metaspace       used 11693K, capacity 12320K, committed 12416K, reserved 12672K
}
Event: 94.833 GC heap before
{Heap before GC invocations=13 (full 1):
 def new generation   total 6464K, used 6464K [0x04000000, 0x04700000, 0x09550000)
  eden space 5760K, 100% used [0x04000000, 0x045a0000, 0x045a0000)
  from space 704K, 100% used [0x04650000, 0x04700000, 0x04700000)
  to   space 704K,   0% used [0x045a0000, 0x045a0000, 0x04650000)
 tenured generation   total 22500K, used 19058K [0x09550000, 0x0ab49000, 0x14000000)
   the space 22500K,  84% used [0x09550000, 0x0a7ec998, 0x0a7eca00, 0x0ab49000)
 Metaspace       used 12150K, capacity 12870K, committed 12928K, reserved 13696K
Event: 94.855 GC heap after
Heap after GC invocations=14 (full 1):
 def new generation   total 6464K, used 704K [0x04000000, 0x04700000, 0x09550000)
  eden space 5760K,   0% used [0x04000000, 0x04000000, 0x045a0000)
  from space 704K, 100% used [0x045a0000, 0x04650000, 0x04650000)
  to   space 704K,   0% used [0x04650000, 0x04650000, 0x04700000)
 tenured generation   total 22500K, used 19750K [0x09550000, 0x0ab49000, 0x14000000)
   the space 22500K,  87% used [0x09550000, 0x0a899a18, 0x0a899c00, 0x0ab49000)
 Metaspace       used 12150K, capacity 12870K, committed 12928K, reserved 13696K
}
Event: 95.937 GC heap before
{Heap before GC invocations=14 (full 1):
 def new generation   total 6464K, used 6464K [0x04000000, 0x04700000, 0x09550000)
  eden space 5760K, 100% used [0x04000000, 0x045a0000, 0x045a0000)
  from space 704K, 100% used [0x045a0000, 0x04650000, 0x04650000)
  to   space 704K,   0% used [0x04650000, 0x04650000, 0x04700000)
 tenured generation   total 22500K, used 19750K [0x09550000, 0x0ab49000, 0x14000000)
   the space 22500K,  87% used [0x09550000, 0x0a899a18, 0x0a899c00, 0x0ab49000)
 Metaspace       used 12165K, capacity 12904K, committed 12928K, reserved 13696K
Event: 95.969 GC heap after
Heap after GC invocations=15 (full 1):
 def new generation   total 6464K, used 704K [0x04000000, 0x04700000, 0x09550000)
  eden space 5760K,   0% used [0x04000000, 0x04000000, 0x045a0000)
  from space 704K, 100% used [0x04650000, 0x04700000, 0x04700000)
  to   space 704K,   0% used [0x045a0000, 0x045a0000, 0x04650000)
 tenured generation   total 22500K, used 21701K [0x09550000, 0x0ab49000, 0x14000000)
   the space 22500K,  96% used [0x09550000, 0x0aa81448, 0x0aa81600, 0x0ab49000)
 Metaspace       used 12165K, capacity 12904K, committed 12928K, reserved 13696K
}
Event: 102.144 GC heap before
{Heap before GC invocations=15 (full 1):
 def new generation   total 6464K, used 6464K [0x04000000, 0x04700000, 0x09550000)
  eden space 5760K, 100% used [0x04000000, 0x045a0000, 0x045a0000)
  from space 704K, 100% used [0x04650000, 0x04700000, 0x04700000)
  to   space 704K,   0% used [0x045a0000, 0x045a0000, 0x04650000)
 tenured generation   total 22500K, used 21701K [0x09550000, 0x0ab49000, 0x14000000)
   the space 22500K,  96% used [0x09550000, 0x0aa81448, 0x0aa81600, 0x0ab49000)
 Metaspace       used 12214K, capacity 12961K, committed 13056K, reserved 13696K
Event: 102.153 GC heap after
Heap after GC invocations=16 (full 1):
 def new generation   total 6464K, used 415K [0x04000000, 0x04700000, 0x09550000)
  eden space 5760K,   0% used [0x04000000, 0x04000000, 0x045a0000)
  from space 704K,  59% used [0x045a0000, 0x04607fe0, 0x04650000)
  to   space 704K,   0% used [0x04650000, 0x04650000, 0x04700000)
 tenured generation   total 22500K, used 22403K [0x09550000, 0x0ab49000, 0x14000000)
   the space 22500K,  99% used [0x09550000, 0x0ab30e48, 0x0ab31000, 0x0ab49000)
 Metaspace       used 12214K, capacity 12961K, committed 13056K, reserved 13696K
}

