# JRE version: Java(TM) SE Runtime Environment (8.0_65-b17) (build 1.8.0_65-b17)
# Java VM: Java HotSpot(TM) Client VM (25.65-b01 mixed mode windows-x86 )
Heap:
 def new generation   total 17152K, used 1858K [0x04000000, 0x05290000, 0x09550000)
  eden space 15296K,  12% used [0x04000000, 0x041d0920, 0x04ef0000)
  from space 1856K,   0% used [0x04ef0000, 0x04ef0000, 0x050c0000)
  to   space 1856K,   0% used [0x050c0000, 0x050c0000, 0x05290000)
 tenured generation   total 37920K, used 22751K [0x09550000, 0x0ba58000, 0x14000000)
   the space 37920K,  59% used [0x09550000, 0x0ab87d90, 0x0ab87e00, 0x0ba58000)
 Metaspace       used 12199K, capacity 12936K, committed 13056K, reserved 13696K
GC Heap History (10 events):
Event: 20.874 GC heap before
{Heap before GC invocations=12 (full 1):
 def new generation   total 6720K, used 6016K [0x04000000, 0x04740000, 0x09550000)
  eden space 6016K, 100% used [0x04000000, 0x045e0000, 0x045e0000)
  from space 704K,   0% used [0x045e0000, 0x045e0000, 0x04690000)
  to   space 704K,   0% used [0x04690000, 0x04690000, 0x04740000)
 tenured generation   total 22996K, used 17069K [0x09550000, 0x0abc5000, 0x14000000)
   the space 22996K,  74% used [0x09550000, 0x0a5fb7d8, 0x0a5fb800, 0x0abc5000)
 Metaspace       used 11681K, capacity 12320K, committed 12416K, reserved 12672K
Event: 20.885 GC heap after
Heap after GC invocations=13 (full 1):
 def new generation   total 6720K, used 704K [0x04000000, 0x04740000, 0x09550000)
  eden space 6016K,   0% used [0x04000000, 0x04000000, 0x045e0000)
  from space 704K, 100% used [0x04690000, 0x04740000, 0x04740000)
  to   space 704K,   0% used [0x045e0000, 0x045e0000, 0x04690000)
 tenured generation   total 22996K, used 19423K [0x09550000, 0x0abc5000, 0x14000000)
   the space 22996K,  84% used [0x09550000, 0x0a847ef0, 0x0a848000, 0x0abc5000)
 Metaspace       used 11681K, capacity 12320K, committed 12416K, reserved 12672K
}
Event: 21.110 GC heap before
{Heap before GC invocations=13 (full 1):
 def new generation   total 6720K, used 6720K [0x04000000, 0x04740000, 0x09550000)
  eden space 6016K, 100% used [0x04000000, 0x045e0000, 0x045e0000)
  from space 704K, 100% used [0x04690000, 0x04740000, 0x04740000)
  to   space 704K,   0% used [0x045e0000, 0x045e0000, 0x04690000)
 tenured generation   total 22996K, used 19423K [0x09550000, 0x0abc5000, 0x14000000)
   the space 22996K,  84% used [0x09550000, 0x0a847ef0, 0x0a848000, 0x0abc5000)
 Metaspace       used 11879K, capacity 12530K, committed 12544K, reserved 12672K
Event: 21.124 GC heap after
Heap after GC invocations=14 (full 1):
 def new generation   total 6720K, used 704K [0x04000000, 0x04740000, 0x09550000)
  eden space 6016K,   0% used [0x04000000, 0x04000000, 0x045e0000)
  from space 704K, 100% used [0x045e0000, 0x04690000, 0x04690000)
  to   space 704K,   0% used [0x04690000, 0x04690000, 0x04740000)
 tenured generation   total 22996K, used 20198K [0x09550000, 0x0abc5000, 0x14000000)
   the space 22996K,  87% used [0x09550000, 0x0a909948, 0x0a909a00, 0x0abc5000)
 Metaspace       used 11879K, capacity 12530K, committed 12544K, reserved 12672K
}
Event: 21.445 GC heap before
{Heap before GC invocations=14 (full 1):
 def new generation   total 6720K, used 6720K [0x04000000, 0x04740000, 0x09550000)
  eden space 6016K, 100% used [0x04000000, 0x045e0000, 0x045e0000)
  from space 704K, 100% used [0x045e0000, 0x04690000, 0x04690000)
  to   space 704K,   0% used [0x04690000, 0x04690000, 0x04740000)
 tenured generation   total 22996K, used 20198K [0x09550000, 0x0abc5000, 0x14000000)
   the space 22996K,  87% used [0x09550000, 0x0a909948, 0x0a909a00, 0x0abc5000)
 Metaspace       used 12149K, capacity 12872K, committed 12928K, reserved 13696K
Event: 21.464 GC heap after
Heap after GC invocations=15 (full 1):
 def new generation   total 6720K, used 704K [0x04000000, 0x04740000, 0x09550000)
  eden space 6016K,   0% used [0x04000000, 0x04000000, 0x045e0000)
  from space 704K, 100% used [0x04690000, 0x04740000, 0x04740000)
  to   space 704K,   0% used [0x045e0000, 0x045e0000, 0x04690000)
 tenured generation   total 22996K, used 21880K [0x09550000, 0x0abc5000, 0x14000000)
   the space 22996K,  95% used [0x09550000, 0x0aaae290, 0x0aaae400, 0x0abc5000)
 Metaspace       used 12149K, capacity 12872K, committed 12928K, reserved 13696K
}
Event: 26.565 GC heap before
{Heap before GC invocations=15 (full 1):
 def new generation   total 6720K, used 6707K [0x04000000, 0x04740000, 0x09550000)
  eden space 6016K,  99% used [0x04000000, 0x045dcf68, 0x045e0000)
  from space 704K, 100% used [0x04690000, 0x04740000, 0x04740000)
  to   space 704K,   0% used [0x045e0000, 0x045e0000, 0x04690000)
 tenured generation   total 22996K, used 21880K [0x09550000, 0x0abc5000, 0x14000000)
   the space 22996K,  95% used [0x09550000, 0x0aaae290, 0x0aaae400, 0x0abc5000)
 Metaspace       used 12200K, capacity 12929K, committed 13056K, reserved 13696K
Event: 26.578 GC heap after
Heap after GC invocations=16 (full 1):
 def new generation   total 6720K, used 703K [0x04000000, 0x04740000, 0x09550000)
  eden space 6016K,   0% used [0x04000000, 0x04000000, 0x045e0000)
  from space 704K,  99% used [0x045e0000, 0x0468fff8, 0x04690000)
  to   space 704K,   0% used [0x04690000, 0x04690000, 0x04740000)
 tenured generation   total 22996K, used 22782K [0x09550000, 0x0abc5000, 0x14000000)
   the space 22996K,  99% used [0x09550000, 0x0ab8fa88, 0x0ab8fc00, 0x0abc5000)
 Metaspace       used 12200K, capacity 12929K, committed 13056K, reserved 13696K
}
Event: 26.638 GC heap before
{Heap before GC invocations=16 (full 1):
 def new generation   total 6720K, used 6719K [0x04000000, 0x04740000, 0x09550000)
  eden space 6016K, 100% used [0x04000000, 0x045e0000, 0x045e0000)
  from space 704K,  99% used [0x045e0000, 0x0468fff8, 0x04690000)
  to   space 704K,   0% used [0x04690000, 0x04690000, 0x04740000)
 tenured generation   total 22996K, used 22782K [0x09550000, 0x0abc5000, 0x14000000)
   the space 22996K,  99% used [0x09550000, 0x0ab8fa88, 0x0ab8fc00, 0x0abc5000)
 Metaspace       used 12200K, capacity 12929K, committed 13056K, reserved 13696K
Event: 26.748 GC heap after
Heap after GC invocations=17 (full 2):
 def new generation   total 17152K, used 0K [0x04000000, 0x05290000, 0x09550000)
  eden space 15296K,   0% used [0x04000000, 0x04000000, 0x04ef0000)
  from space 1856K,   0% used [0x04ef0000, 0x04ef0000, 0x050c0000)
  to   space 1856K,   0% used [0x050c0000, 0x050c0000, 0x05290000)
 tenured generation   total 37920K, used 22751K [0x09550000, 0x0ba58000, 0x14000000)
   the space 37920K,  59% used [0x09550000, 0x0ab87d90, 0x0ab87e00, 0x0ba58000)
 Metaspace       used 12188K, capacity 12904K, committed 13056K, reserved 13696K
}

